<?xml version="1.0" encoding="UTF-8"?>
<!-- Generated by org.testng.reporters.JUnitReportReporter -->
<testsuite skipped="0" hostname="P2B-J0SMXH2" name="SeleniumTraining.Barc.Assign3" tests="2" failures="0" timestamp="22 Aug 2018 06:32:24 GMT" time="9.346" errors="0">
  <testcase name="f" time="4.728" classname="SeleniumTraining.Barc.Assign3"/>
  <testcase name="f2" time="4.618" classname="SeleniumTraining.Barc.Assign3"/>
</testsuite> <!-- SeleniumTraining.Barc.Assign3 -->
