<?xml version="1.0" encoding="UTF-8"?>
<!-- Generated by org.testng.reporters.JUnitReportReporter -->
<testsuite skipped="0" hostname="P2B-J0SMXH2" name="SeleniumTraining.Barc.DemoSource" tests="1" failures="0" timestamp="21 Aug 2018 07:23:28 GMT" time="1.225" errors="0">
  <testcase name="f" time="1.225" classname="SeleniumTraining.Barc.DemoSource"/>
</testsuite> <!-- SeleniumTraining.Barc.DemoSource -->
