<?xml version="1.0" encoding="UTF-8"?>
<!-- Generated by org.testng.reporters.JUnitReportReporter -->
<testsuite skipped="0" hostname="P2B-J0SMXH2" name="SeleniumTraining.Barc.Assign2" tests="1" failures="0" timestamp="22 Aug 2018 04:17:04 GMT" time="0.121" errors="0">
  <testcase name="f" time="0.121" classname="SeleniumTraining.Barc.Assign2"/>
</testsuite> <!-- SeleniumTraining.Barc.Assign2 -->
