<?xml version="1.0" encoding="UTF-8"?>
<!-- Generated by org.testng.reporters.JUnitReportReporter -->
<testsuite skipped="0" hostname="P2B-J0SMXH2" name="SeleniumTraining.Barc.DemodataProvider" tests="3" failures="0" timestamp="21 Aug 2018 05:05:48 GMT" time="0.011" errors="0">
  <testcase name="login" time="0.001" classname="SeleniumTraining.Barc.DemodataProvider"/>
  <testcase name="login" time="0.002" classname="SeleniumTraining.Barc.DemodataProvider"/>
  <testcase name="login" time="0.008" classname="SeleniumTraining.Barc.DemodataProvider"/>
</testsuite> <!-- SeleniumTraining.Barc.DemodataProvider -->
