<?xml version="1.0" encoding="UTF-8"?>
<!-- Generated by org.testng.reporters.JUnitReportReporter -->
<testsuite skipped="0" hostname="P2B-J0SMXH2" name="SeleniumTraining.Barc.googleDemo" tests="1" failures="0" timestamp="22 Aug 2018 04:32:38 GMT" time="4.141" errors="0">
  <testcase name="f" time="4.141" classname="SeleniumTraining.Barc.googleDemo"/>
</testsuite> <!-- SeleniumTraining.Barc.googleDemo -->
