<?xml version="1.0" encoding="UTF-8"?>
<!-- Generated by org.testng.reporters.JUnitReportReporter -->
<testsuite skipped="1" hostname="P2B-J0SMXH2" name="SeleniumTraining.Barc.MercuryApplication" tests="2" failures="0" timestamp="21 Aug 2018 09:20:04 GMT" time="0.016" errors="0">
  <testcase name="OpenBrwoser" time="0.016" classname="SeleniumTraining.Barc.MercuryApplication"/>
  <testcase name="f" classname="SeleniumTraining.Barc.MercuryApplication">
    <skipped/>
  </testcase> <!-- f -->
</testsuite> <!-- SeleniumTraining.Barc.MercuryApplication -->
