<?xml version="1.0" encoding="UTF-8"?>
<!-- Generated by org.testng.reporters.JUnitReportReporter -->
<testsuite skipped="0" hostname="P2B-J0SMXH2" name="SeleniumTraining.Barc.DemoGroups" tests="2" failures="0" timestamp="22 Aug 2018 06:46:17 GMT" time="0.013" errors="0">
  <testcase name="f2" time="0.012" classname="SeleniumTraining.Barc.DemoGroups"/>
  <testcase name="f4" time="0.001" classname="SeleniumTraining.Barc.DemoGroups"/>
</testsuite> <!-- SeleniumTraining.Barc.DemoGroups -->
