<?xml version="1.0" encoding="UTF-8"?>
<!-- Generated by org.testng.reporters.JUnitReportReporter -->
<testsuite skipped="0" hostname="P2B-J0SMXH2" name="SeleniumTraining.Barc.DemoXpath" tests="1" failures="0" timestamp="21 Aug 2018 06:36:48 GMT" time="3.275" errors="0">
  <testcase name="f" time="3.275" classname="SeleniumTraining.Barc.DemoXpath"/>
</testsuite> <!-- SeleniumTraining.Barc.DemoXpath -->
